2021-08-07 16:50:11,024 - INFO - client: start_client - Запуск клиента 
2021-08-07 16:50:16,666 - INFO - client: start_client -  Попытка подключения к localhost 7780 
2021-08-07 16:50:16,677 - DEBUG - client: create_presence_message - Формирование приветственного сообщения 
2021-08-07 16:50:16,706 - INFO - decorators: deco_log_call - Sat Aug  7 16:50:16 2021 Вызван декоратор Log для create_presence_message с параметрами (<client.Client object at 0x000001D076967A00>, 'ывм', 'presence') из функции main() 
2021-08-07 16:50:16,708 - DEBUG - client: start_client - Отправляю приветственное сообщение "{'action': 'presence', 'time': '2021-08-07-16.50.16', 'user': {'account_name': 'ывм', 'account_password': 123}}" на сервер 
2021-08-07 16:50:16,709 - DEBUG - client: start_client - и жду ответа 
2021-08-07 16:50:16,720 - DEBUG - client: start_client - Ответ: {'response': 200} 
2021-08-07 16:50:16,720 - INFO - client: start_client - Авторизация успешна. Соединение установлено! 
2021-08-07 16:50:16,720 - DEBUG - client: start_client - Клиент в полнофункциональном режиме 
2021-08-07 16:50:18,268 - DEBUG - client: client_writer - Формирование обычного сообщения 
2021-08-07 16:50:18,269 - INFO - client: client_writer - Отправлено сообщение на сервер: {'action': 'msg', 'time': '2021-08-07-16.50.18', 'to': '#all', 'from': 'ывм', 'message': 'ывм'} 
2021-08-07 16:50:18,275 - INFO - client: client_reader - Получено сообщение с сервера: {'action': 'msg', 'time': '2021-08-07-16.50.18', 'to': '#all', 'from': 'ывм', 'message': 'ывм:> ывм'} 
2021-08-07 16:50:19,849 - DEBUG - client: client_writer - Формирование обычного сообщения 
2021-08-07 16:50:19,850 - INFO - client: client_writer - Отправлено сообщение на сервер: {'action': 'msg', 'time': '2021-08-07-16.50.19', 'to': '#all', 'from': 'ывм', 'message': 'ыв'} 
2021-08-07 16:50:19,936 - INFO - client: client_reader - Получено сообщение с сервера: {'action': 'msg', 'time': '2021-08-07-16.50.19', 'to': '#all', 'from': 'ывм', 'message': 'ывм:> ыв'} 
2021-08-07 16:50:20,830 - DEBUG - client: client_writer - Формирование обычного сообщения 
2021-08-07 16:50:20,831 - INFO - client: client_writer - Отправлено сообщение на сервер: {'action': 'msg', 'time': '2021-08-07-16.50.20', 'to': '#all', 'from': 'ывм', 'message': 'м'} 
2021-08-07 16:50:20,939 - INFO - client: client_reader - Получено сообщение с сервера: {'action': 'msg', 'time': '2021-08-07-16.50.20', 'to': '#all', 'from': 'ывм', 'message': 'ывм:> м'} 
2021-08-07 16:50:23,606 - DEBUG - client: client_writer - Формирование обычного сообщения 
2021-08-07 16:50:23,607 - INFO - client: client_writer - Отправлено сообщение на сервер: {'action': 'msg', 'time': '2021-08-07-16.50.23', 'to': '#all', 'from': 'ывм', 'message': ''} 
2021-08-07 16:50:23,706 - INFO - client: client_reader - Получено сообщение с сервера: {'action': 'msg', 'time': '2021-08-07-16.50.23', 'to': '#all', 'from': 'ывм', 'message': 'ывм:> '} 
2021-08-07 16:50:24,576 - DEBUG - client: client_writer - Формирование обычного сообщения 
2021-08-07 16:50:24,577 - INFO - client: client_writer - Отправлено сообщение на сервер: {'action': 'msg', 'time': '2021-08-07-16.50.24', 'to': '#all', 'from': 'ывм', 'message': 'eeer'} 
2021-08-07 16:50:24,593 - INFO - client: client_reader - Получено сообщение с сервера: {'action': 'msg', 'time': '2021-08-07-16.50.24', 'to': '#all', 'from': 'ывм', 'message': 'ывм:> eeer'} 
2021-08-07 16:50:31,434 - ERROR - client: client_reader - Reader: Сервер разорвал соединение или получен некорректный ответ! 
